# JRE version: OpenJDK Runtime Environment (11.0.12) (build 11.0.12+0-b1504.28-7817840)
# Java VM: OpenJDK 64-Bit Server VM (11.0.12+0-b1504.28-7817840, mixed mode, tiered, compressed oops, g1 gc, linux-amd64)
Heap:
 garbage-first heap   total 285696K, used 123977K [0x0000000080000000, 0x0000000100000000)
  region size 1024K, 5 young (5120K), 2 survivors (2048K)
 Metaspace       used 136378K, capacity 139869K, committed 139944K, reserved 1171456K
  class space    used 16644K, capacity 17977K, committed 17996K, reserved 1048576K
GC Heap History (20 events):
Event: 1434.577 GC heap after
{Heap after GC invocations=88 (full 0):
 garbage-first heap   total 285696K, used 136580K [0x0000000080000000, 0x0000000100000000)
  region size 1024K, 2 young (2048K), 2 survivors (2048K)
 Metaspace       used 135544K, capacity 139107K, committed 139432K, reserved 1171456K
  class space    used 16642K, capacity 17979K, committed 17996K, reserved 1048576K
}
Event: 1434.630 GC heap before
{Heap before GC invocations=88 (full 0):
 garbage-first heap   total 285696K, used 141700K [0x0000000080000000, 0x0000000100000000)
  region size 1024K, 8 young (8192K), 2 survivors (2048K)
 Metaspace       used 135547K, capacity 139107K, committed 139432K, reserved 1171456K
  class space    used 16642K, capacity 17979K, committed 17996K, reserved 1048576K
}
Event: 1434.636 GC heap after
{Heap after GC invocations=89 (full 0):
 garbage-first heap   total 285696K, used 137933K [0x0000000080000000, 0x0000000100000000)
  region size 1024K, 4 young (4096K), 4 survivors (4096K)
 Metaspace       used 135547K, capacity 139107K, committed 139432K, reserved 1171456K
  class space    used 16642K, capacity 17979K, committed 17996K, reserved 1048576K
}
Event: 2061.518 GC heap before
{Heap before GC invocations=90 (full 0):
 garbage-first heap   total 285696K, used 216781K [0x0000000080000000, 0x0000000100000000)
  region size 1024K, 63 young (64512K), 4 survivors (4096K)
 Metaspace       used 135681K, capacity 139255K, committed 139432K, reserved 1171456K
  class space    used 16644K, capacity 17982K, committed 17996K, reserved 1048576K
}
Event: 2061.537 GC heap after
{Heap after GC invocations=91 (full 0):
 garbage-first heap   total 285696K, used 133155K [0x0000000080000000, 0x0000000100000000)
  region size 1024K, 3 young (3072K), 3 survivors (3072K)
 Metaspace       used 135681K, capacity 139255K, committed 139432K, reserved 1171456K
  class space    used 16644K, capacity 17982K, committed 17996K, reserved 1048576K
}
Event: 2061.862 GC heap before
{Heap before GC invocations=91 (full 0):
 garbage-first heap   total 285696K, used 143395K [0x0000000080000000, 0x0000000100000000)
  region size 1024K, 13 young (13312K), 3 survivors (3072K)
 Metaspace       used 135802K, capacity 139280K, committed 139432K, reserved 1171456K
  class space    used 16647K, capacity 17988K, committed 17996K, reserved 1048576K
}
Event: 2061.943 GC heap after
{Heap after GC invocations=92 (full 0):
 garbage-first heap   total 285696K, used 130925K [0x0000000080000000, 0x0000000100000000)
  region size 1024K, 2 young (2048K), 2 survivors (2048K)
 Metaspace       used 135802K, capacity 139280K, committed 139432K, reserved 1171456K
  class space    used 16647K, capacity 17988K, committed 17996K, reserved 1048576K
}
Event: 2062.144 GC heap before
{Heap before GC invocations=92 (full 0):
 garbage-first heap   total 285696K, used 152429K [0x0000000080000000, 0x0000000100000000)
  region size 1024K, 25 young (25600K), 2 survivors (2048K)
 Metaspace       used 135847K, capacity 139412K, committed 139688K, reserved 1171456K
  class space    used 16647K, capacity 17988K, committed 17996K, reserved 1048576K
}
Event: 2062.174 GC heap after
{Heap after GC invocations=93 (full 0):
 garbage-first heap   total 285696K, used 132964K [0x0000000080000000, 0x0000000100000000)
  region size 1024K, 4 young (4096K), 4 survivors (4096K)
 Metaspace       used 135847K, capacity 139412K, committed 139688K, reserved 1171456K
  class space    used 16647K, capacity 17988K, committed 17996K, reserved 1048576K
}
Event: 2062.872 GC heap before
{Heap before GC invocations=94 (full 0):
 garbage-first heap   total 285696K, used 209764K [0x0000000080000000, 0x0000000100000000)
  region size 1024K, 62 young (63488K), 4 survivors (4096K)
 Metaspace       used 135904K, capacity 139381K, committed 139688K, reserved 1171456K
  class space    used 16619K, capacity 17930K, committed 17996K, reserved 1048576K
}
Event: 2062.907 GC heap after
{Heap after GC invocations=95 (full 0):
 garbage-first heap   total 285696K, used 132973K [0x0000000080000000, 0x0000000100000000)
  region size 1024K, 5 young (5120K), 5 survivors (5120K)
 Metaspace       used 135904K, capacity 139381K, committed 139688K, reserved 1171456K
  class space    used 16619K, capacity 17930K, committed 17996K, reserved 1048576K
}
Event: 2062.956 GC heap before
{Heap before GC invocations=95 (full 0):
 garbage-first heap   total 285696K, used 140140K [0x0000000080000000, 0x0000000100000000)
  region size 1024K, 13 young (13312K), 5 survivors (5120K)
 Metaspace       used 135920K, capacity 139381K, committed 139688K, reserved 1171456K
  class space    used 16619K, capacity 17930K, committed 17996K, reserved 1048576K
}
Event: 2062.988 GC heap after
{Heap after GC invocations=96 (full 0):
 garbage-first heap   total 285696K, used 111700K [0x0000000080000000, 0x0000000100000000)
  region size 1024K, 2 young (2048K), 2 survivors (2048K)
 Metaspace       used 135920K, capacity 139381K, committed 139688K, reserved 1171456K
  class space    used 16619K, capacity 17930K, committed 17996K, reserved 1048576K
}
Event: 2063.009 GC heap before
{Heap before GC invocations=96 (full 0):
 garbage-first heap   total 285696K, used 122964K [0x0000000080000000, 0x0000000100000000)
  region size 1024K, 13 young (13312K), 2 survivors (2048K)
 Metaspace       used 135924K, capacity 139381K, committed 139688K, reserved 1171456K
  class space    used 16619K, capacity 17930K, committed 17996K, reserved 1048576K
}
Event: 2063.030 GC heap after
{Heap after GC invocations=97 (full 0):
 garbage-first heap   total 285696K, used 113391K [0x0000000080000000, 0x0000000100000000)
  region size 1024K, 2 young (2048K), 2 survivors (2048K)
 Metaspace       used 135924K, capacity 139381K, committed 139688K, reserved 1171456K
  class space    used 16619K, capacity 17930K, committed 17996K, reserved 1048576K
}
Event: 2064.075 GC heap before
{Heap before GC invocations=97 (full 0):
 garbage-first heap   total 285696K, used 178927K [0x0000000080000000, 0x0000000100000000)
  region size 1024K, 68 young (69632K), 2 survivors (2048K)
 Metaspace       used 136036K, capacity 139531K, committed 139944K, reserved 1171456K
  class space    used 16621K, capacity 17934K, committed 17996K, reserved 1048576K
}
Event: 2064.100 GC heap after
{Heap after GC invocations=98 (full 0):
 garbage-first heap   total 285696K, used 115752K [0x0000000080000000, 0x0000000100000000)
  region size 1024K, 5 young (5120K), 5 survivors (5120K)
 Metaspace       used 136036K, capacity 139531K, committed 139944K, reserved 1171456K
  class space    used 16621K, capacity 17934K, committed 17996K, reserved 1048576K
}
Event: 2085.594 GC heap before
{Heap before GC invocations=99 (full 0):
 garbage-first heap   total 285696K, used 207912K [0x0000000080000000, 0x0000000100000000)
  region size 1024K, 78 young (79872K), 5 survivors (5120K)
 Metaspace       used 136375K, capacity 139869K, committed 139944K, reserved 1171456K
  class space    used 16644K, capacity 17977K, committed 17996K, reserved 1048576K
}
Event: 2085.650 GC heap after
{Heap after GC invocations=100 (full 0):
 garbage-first heap   total 285696K, used 120905K [0x0000000080000000, 0x0000000100000000)
  region size 1024K, 10 young (10240K), 10 survivors (10240K)
 Metaspace       used 136375K, capacity 139869K, committed 139944K, reserved 1171456K
  class space    used 16644K, capacity 17977K, committed 17996K, reserved 1048576K
}
Event: 2085.666 GC heap before
{Heap before GC invocations=100 (full 0):
 garbage-first heap   total 285696K, used 123977K [0x0000000080000000, 0x0000000100000000)
  region size 1024K, 13 young (13312K), 10 survivors (10240K)
 Metaspace       used 136378K, capacity 139869K, committed 139944K, reserved 1171456K
  class space    used 16644K, capacity 17977K, committed 17996K, reserved 1048576K
}

